Determining if the Q_WS_X11 exist failed with the following output:
Change Dir: /Users/kanehiro/Dropbox/src/qt/macos/CMakeFiles/CMakeTmp

Run Build Command:/opt/local/bin/gmake "cmTryCompileExec/fast"
/opt/local/bin/gmake -f CMakeFiles/cmTryCompileExec.dir/build.make CMakeFiles/cmTryCompileExec.dir/build
gmake[1]: ディレクトリ `/Users/kanehiro/Dropbox/src/qt/macos/CMakeFiles/CMakeTmp' に入ります
/opt/local/bin/cmake -E cmake_progress_report /Users/kanehiro/Dropbox/src/qt/macos/CMakeFiles/CMakeTmp/CMakeFiles 1
Building CXX object CMakeFiles/cmTryCompileExec.dir/CheckSymbolExists.cxx.o
/usr/bin/g++    -I/opt/local/include    -o CMakeFiles/cmTryCompileExec.dir/CheckSymbolExists.cxx.o -c /Users/kanehiro/Dropbox/src/qt/macos/CMakeFiles/CMakeTmp/CheckSymbolExists.cxx
/Users/kanehiro/Dropbox/src/qt/macos/CMakeFiles/CMakeTmp/CheckSymbolExists.cxx: In function ‘int main()’:
/Users/kanehiro/Dropbox/src/qt/macos/CMakeFiles/CMakeTmp/CheckSymbolExists.cxx:8: error: ‘Q_WS_X11’ was not declared in this scope
gmake[1]: ディレクトリ `/Users/kanehiro/Dropbox/src/qt/macos/CMakeFiles/CMakeTmp' から出ます
gmake[1]: *** [CMakeFiles/cmTryCompileExec.dir/CheckSymbolExists.cxx.o] エラー 1
gmake: *** [cmTryCompileExec/fast] エラー 2

File /Users/kanehiro/Dropbox/src/qt/macos/CMakeFiles/CMakeTmp/CheckSymbolExists.cxx:
/* */
#include <QtCore/qglobal.h>

void cmakeRequireSymbol(int dummy,...){(void)dummy;}
int main()
{
#ifndef Q_WS_X11
  cmakeRequireSymbol(0,&Q_WS_X11);
#endif
  return 0;
}

Determining if the Q_WS_WIN exist failed with the following output:
Change Dir: /Users/kanehiro/Dropbox/src/qt/macos/CMakeFiles/CMakeTmp

Run Build Command:/opt/local/bin/gmake "cmTryCompileExec/fast"
/opt/local/bin/gmake -f CMakeFiles/cmTryCompileExec.dir/build.make CMakeFiles/cmTryCompileExec.dir/build
gmake[1]: ディレクトリ `/Users/kanehiro/Dropbox/src/qt/macos/CMakeFiles/CMakeTmp' に入ります
/opt/local/bin/cmake -E cmake_progress_report /Users/kanehiro/Dropbox/src/qt/macos/CMakeFiles/CMakeTmp/CMakeFiles 1
Building CXX object CMakeFiles/cmTryCompileExec.dir/CheckSymbolExists.cxx.o
/usr/bin/g++    -I/opt/local/include    -o CMakeFiles/cmTryCompileExec.dir/CheckSymbolExists.cxx.o -c /Users/kanehiro/Dropbox/src/qt/macos/CMakeFiles/CMakeTmp/CheckSymbolExists.cxx
/Users/kanehiro/Dropbox/src/qt/macos/CMakeFiles/CMakeTmp/CheckSymbolExists.cxx: In function ‘int main()’:
/Users/kanehiro/Dropbox/src/qt/macos/CMakeFiles/CMakeTmp/CheckSymbolExists.cxx:8: error: ‘Q_WS_WIN’ was not declared in this scope
gmake[1]: ディレクトリ `/Users/kanehiro/Dropbox/src/qt/macos/CMakeFiles/CMakeTmp' から出ます
gmake[1]: *** [CMakeFiles/cmTryCompileExec.dir/CheckSymbolExists.cxx.o] エラー 1
gmake: *** [cmTryCompileExec/fast] エラー 2

File /Users/kanehiro/Dropbox/src/qt/macos/CMakeFiles/CMakeTmp/CheckSymbolExists.cxx:
/* */
#include <QtCore/qglobal.h>

void cmakeRequireSymbol(int dummy,...){(void)dummy;}
int main()
{
#ifndef Q_WS_WIN
  cmakeRequireSymbol(0,&Q_WS_WIN);
#endif
  return 0;
}

Determining if the Q_WS_QWS exist failed with the following output:
Change Dir: /Users/kanehiro/Dropbox/src/qt/macos/CMakeFiles/CMakeTmp

Run Build Command:/opt/local/bin/gmake "cmTryCompileExec/fast"
/opt/local/bin/gmake -f CMakeFiles/cmTryCompileExec.dir/build.make CMakeFiles/cmTryCompileExec.dir/build
gmake[1]: ディレクトリ `/Users/kanehiro/Dropbox/src/qt/macos/CMakeFiles/CMakeTmp' に入ります
/opt/local/bin/cmake -E cmake_progress_report /Users/kanehiro/Dropbox/src/qt/macos/CMakeFiles/CMakeTmp/CMakeFiles 1
Building CXX object CMakeFiles/cmTryCompileExec.dir/CheckSymbolExists.cxx.o
/usr/bin/g++    -I/opt/local/include    -o CMakeFiles/cmTryCompileExec.dir/CheckSymbolExists.cxx.o -c /Users/kanehiro/Dropbox/src/qt/macos/CMakeFiles/CMakeTmp/CheckSymbolExists.cxx
/Users/kanehiro/Dropbox/src/qt/macos/CMakeFiles/CMakeTmp/CheckSymbolExists.cxx: In function ‘int main()’:
/Users/kanehiro/Dropbox/src/qt/macos/CMakeFiles/CMakeTmp/CheckSymbolExists.cxx:8: error: ‘Q_WS_QWS’ was not declared in this scope
gmake[1]: ディレクトリ `/Users/kanehiro/Dropbox/src/qt/macos/CMakeFiles/CMakeTmp' から出ます
gmake[1]: *** [CMakeFiles/cmTryCompileExec.dir/CheckSymbolExists.cxx.o] エラー 1
gmake: *** [cmTryCompileExec/fast] エラー 2

File /Users/kanehiro/Dropbox/src/qt/macos/CMakeFiles/CMakeTmp/CheckSymbolExists.cxx:
/* */
#include <QtCore/qglobal.h>

void cmakeRequireSymbol(int dummy,...){(void)dummy;}
int main()
{
#ifndef Q_WS_QWS
  cmakeRequireSymbol(0,&Q_WS_QWS);
#endif
  return 0;
}

